{"uid":"4856bc158fa01ac3","name":"test_hook_results_example_2[3]","fullName":"tests.tests_hook_results.test_hook_results.TestsHookResults#test_hook_results_example_2","historyId":"ad0cca430a6495a00fc115c687f199b7","time":{"start":1722077258923,"stop":1722077258924,"duration":1},"description":"\n        Example two\n        :return: None\n        ","descriptionHtml":"<pre><code>    Example two\n    :return: None\n</code></pre>\n","status":"failed","statusMessage":"AssertionError: assert (3 % 2) == 0","statusTrace":"self = <test_hook_results.TestsHookResults object at 0x11f961190>, param = 3\n\n    @pytest.mark.parametrize(\"param\", [2, 3, 4])\n    def test_hook_results_example_2(self, param):\n        \"\"\"\n        Example two\n        :return: None\n        \"\"\"\n        print(datetime.datetime.now(), file=sys.stderr)\n>       assert param % 2 == 0\nE       assert (3 % 2) == 0\n\ntests/tests_hook_results/test_hook_results.py:31: AssertionError","flaky":false,"newFailed":false,"newBroken":false,"newPassed":false,"retriesCount":0,"retriesStatusChange":false,"beforeStages":[{"name":"event_loop_policy","time":{"start":1722077258860,"stop":1722077258860,"duration":0},"status":"passed","steps":[],"attachments":[],"parameters":[],"shouldDisplayMessage":false,"attachmentsCount":0,"attachmentStep":false,"stepsCount":0,"hasContent":false},{"name":"customer","time":{"start":1722077258861,"stop":1722077258861,"duration":0},"status":"passed","steps":[],"attachments":[],"parameters":[],"shouldDisplayMessage":false,"attachmentsCount":0,"attachmentStep":false,"stepsCount":0,"hasContent":false}],"testStage":{"description":"\n        Example two\n        :return: None\n        ","status":"failed","statusMessage":"AssertionError: assert (3 % 2) == 0","statusTrace":"self = <test_hook_results.TestsHookResults object at 0x11f961190>, param = 3\n\n    @pytest.mark.parametrize(\"param\", [2, 3, 4])\n    def test_hook_results_example_2(self, param):\n        \"\"\"\n        Example two\n        :return: None\n        \"\"\"\n        print(datetime.datetime.now(), file=sys.stderr)\n>       assert param % 2 == 0\nE       assert (3 % 2) == 0\n\ntests/tests_hook_results/test_hook_results.py:31: AssertionError","steps":[],"attachments":[{"uid":"be2728d3fefc7e12","name":"3","source":"be2728d3fefc7e12.txt","type":"text/plain","size":26}],"parameters":[],"shouldDisplayMessage":true,"attachmentsCount":1,"attachmentStep":false,"stepsCount":0,"hasContent":true},"afterStages":[],"labels":[{"name":"tag","value":"xxaymanxx"},{"name":"tag","value":"HookResults"},{"name":"parentSuite","value":"tests.tests_hook_results"},{"name":"suite","value":"test_hook_results"},{"name":"subSuite","value":"TestsHookResults"},{"name":"host","value":"Aymans-MacBook-Pro.local"},{"name":"thread","value":"12675-MainThread"},{"name":"framework","value":"pytest"},{"name":"language","value":"cpython3"},{"name":"package","value":"tests.tests_hook_results.test_hook_results"},{"name":"resultFormat","value":"allure2"}],"parameters":[{"name":"param","value":"3"}],"links":[],"hidden":true,"retry":true,"extra":{"categories":[],"tags":["xxaymanxx","HookResults"]},"source":"4856bc158fa01ac3.json","parameterValues":["3"]}