{"uid":"8749d8a12d4487b9","name":"test_hook_results_example_2[3]","fullName":"tests.tests_hook_results.test_hook_results.TestsHookResults#test_hook_results_example_2","historyId":"ad0cca430a6495a00fc115c687f199b7","time":{"start":1721558851568,"stop":1721558851569,"duration":1},"description":"\n        Example two\n        :return: None\n        ","descriptionHtml":"<pre><code>    Example two\n    :return: None\n</code></pre>\n","status":"failed","statusMessage":"AssertionError: assert (3 % 2) == 0","statusTrace":"self = <test_hook_results.TestsHookResults object at 0x127877ee0>, param = 3\n\n    @pytest.mark.parametrize(\"param\", [2, 3, 4])\n    def test_hook_results_example_2(self, param):\n        \"\"\"\n        Example two\n        :return: None\n        \"\"\"\n        print(datetime.datetime.now(), file=sys.stderr)\n>       assert param % 2 == 0\nE       assert (3 % 2) == 0\n\ntests/tests_hook_results/test_hook_results.py:31: AssertionError","flaky":false,"newFailed":false,"newBroken":false,"newPassed":false,"retriesCount":0,"retriesStatusChange":false,"beforeStages":[{"name":"event_loop_policy","time":{"start":1721558851423,"stop":1721558851424,"duration":1},"status":"passed","steps":[],"attachments":[],"parameters":[],"stepsCount":0,"hasContent":false,"shouldDisplayMessage":false,"attachmentsCount":0,"attachmentStep":false},{"name":"customer","time":{"start":1721558851424,"stop":1721558851424,"duration":0},"status":"passed","steps":[],"attachments":[],"parameters":[],"stepsCount":0,"hasContent":false,"shouldDisplayMessage":false,"attachmentsCount":0,"attachmentStep":false}],"testStage":{"description":"\n        Example two\n        :return: None\n        ","status":"failed","statusMessage":"AssertionError: assert (3 % 2) == 0","statusTrace":"self = <test_hook_results.TestsHookResults object at 0x127877ee0>, param = 3\n\n    @pytest.mark.parametrize(\"param\", [2, 3, 4])\n    def test_hook_results_example_2(self, param):\n        \"\"\"\n        Example two\n        :return: None\n        \"\"\"\n        print(datetime.datetime.now(), file=sys.stderr)\n>       assert param % 2 == 0\nE       assert (3 % 2) == 0\n\ntests/tests_hook_results/test_hook_results.py:31: AssertionError","steps":[],"attachments":[{"uid":"6d1bb9d3fa8e15bd","name":"3","source":"6d1bb9d3fa8e15bd.txt","type":"text/plain","size":26}],"parameters":[],"stepsCount":0,"hasContent":true,"shouldDisplayMessage":true,"attachmentsCount":1,"attachmentStep":false},"afterStages":[],"labels":[{"name":"tag","value":"xxaymanxx"},{"name":"tag","value":"HookResults"},{"name":"parentSuite","value":"tests.tests_hook_results"},{"name":"suite","value":"test_hook_results"},{"name":"subSuite","value":"TestsHookResults"},{"name":"host","value":"Aymans-MacBook-Pro.local"},{"name":"thread","value":"27056-MainThread"},{"name":"framework","value":"pytest"},{"name":"language","value":"cpython3"},{"name":"package","value":"tests.tests_hook_results.test_hook_results"},{"name":"resultFormat","value":"allure2"}],"parameters":[{"name":"param","value":"3"}],"links":[],"hidden":false,"retry":false,"extra":{"severity":"normal","retries":[],"categories":[{"name":"Product defects","matchedStatuses":[],"flaky":false}],"tags":["xxaymanxx","HookResults"]},"source":"8749d8a12d4487b9.json","parameterValues":["3"]}