{"uid":"b80337049358c746","name":"test_hook_results_example_1","fullName":"tests.tests_hook_results.test_hook_results.TestsHookResults#test_hook_results_example_1","historyId":"73d238dfa0ff86098ae8bc673cb83967","time":{"start":1722077913691,"stop":1722077913692,"duration":1},"description":"\n        Example one\n        :return: None\n        ","descriptionHtml":"<pre><code>    Example one\n    :return: None\n</code></pre>\n","status":"skipped","statusMessage":"XFAIL This test is not implemented yet\n\nAssertionError: assert False","statusTrace":"self = <test_hook_results.TestsHookResults object at 0x117c32f70>\n\n    @pytest.mark.xfail(reason=\"This test is not implemented yet\")\n    def test_hook_results_example_1(self):\n        \"\"\"\n        Example one\n        :return: None\n        \"\"\"\n        print(datetime.datetime.now(), file=sys.stderr)\n>       assert False\nE       assert False\n\ntests/tests_hook_results/test_hook_results.py:22: AssertionError","flaky":false,"newFailed":false,"newBroken":false,"newPassed":false,"retriesCount":3,"retriesStatusChange":false,"beforeStages":[{"name":"customer","time":{"start":1722077913666,"stop":1722077913666,"duration":0},"status":"passed","steps":[],"attachments":[],"parameters":[],"attachmentsCount":0,"attachmentStep":false,"shouldDisplayMessage":false,"stepsCount":0,"hasContent":false},{"name":"event_loop_policy","time":{"start":1722077913666,"stop":1722077913666,"duration":0},"status":"passed","steps":[],"attachments":[],"parameters":[],"attachmentsCount":0,"attachmentStep":false,"shouldDisplayMessage":false,"stepsCount":0,"hasContent":false}],"afterStages":[],"labels":[{"name":"tag","value":"@pytest.mark.xfail(reason='This test is not implemented yet')"},{"name":"tag","value":"HookResults"},{"name":"parentSuite","value":"tests.tests_hook_results"},{"name":"suite","value":"test_hook_results"},{"name":"subSuite","value":"TestsHookResults"},{"name":"host","value":"Aymans-MacBook-Pro.local"},{"name":"thread","value":"13904-MainThread"},{"name":"framework","value":"pytest"},{"name":"language","value":"cpython3"},{"name":"package","value":"tests.tests_hook_results.test_hook_results"},{"name":"resultFormat","value":"allure2"}],"parameters":[],"links":[],"hidden":false,"retry":false,"extra":{"severity":"normal","retries":[{"uid":"48b11c7f865bd08a","status":"skipped","statusDetails":"XFAIL This test is not implemented yet\n\nAssertionError: assert False","time":{"start":1722077509129,"stop":1722077509129,"duration":0}},{"uid":"58a8c3cd975ec4e4","status":"skipped","statusDetails":"XFAIL This test is not implemented yet\n\nAssertionError: assert False","time":{"start":1722077258886,"stop":1722077258886,"duration":0}},{"uid":"51b7529c932e7581","status":"skipped","statusDetails":"XFAIL This test is not implemented yet\n\nAssertionError: assert False","time":{"start":1721558851529,"stop":1721558851530,"duration":1}}],"categories":[],"tags":["@pytest.mark.xfail(reason='This test is not implemented yet')","HookResults"]},"source":"b80337049358c746.json","parameterValues":[]}