{"uid":"bc7b98e806706fcb","name":"test_hook_results_example_1","fullName":"tests.tests_hook_results.test_hook_results.TestsHookResults#test_hook_results_example_1","historyId":"73d238dfa0ff86098ae8bc673cb83967","time":{"start":1722082736165,"stop":1722082736165,"duration":0},"description":"\n        Example one\n        :return: None\n        ","descriptionHtml":"<pre><code>    Example one\n    :return: None\n</code></pre>\n","status":"skipped","statusMessage":"XFAIL This test is not implemented yet\n\nAssertionError: assert False","statusTrace":"self = <test_hook_results.TestsHookResults object at 0x116e15fd0>\n\n    @pytest.mark.xfail(reason=\"This test is not implemented yet\")\n    def test_hook_results_example_1(self):\n        \"\"\"\n        Example one\n        :return: None\n        \"\"\"\n        print(datetime.datetime.now(), file=sys.stderr)\n>       assert False\nE       assert False\n\ntests/tests_hook_results/test_hook_results.py:22: AssertionError","flaky":false,"newFailed":false,"newBroken":false,"newPassed":false,"retriesCount":10,"retriesStatusChange":false,"beforeStages":[{"name":"event_loop_policy","time":{"start":1722082736137,"stop":1722082736137,"duration":0},"status":"passed","steps":[],"attachments":[],"parameters":[],"shouldDisplayMessage":false,"attachmentsCount":0,"attachmentStep":false,"stepsCount":0,"hasContent":false},{"name":"customer","time":{"start":1722082736137,"stop":1722082736137,"duration":0},"status":"passed","steps":[],"attachments":[],"parameters":[],"shouldDisplayMessage":false,"attachmentsCount":0,"attachmentStep":false,"stepsCount":0,"hasContent":false}],"afterStages":[],"labels":[{"name":"tag","value":"@pytest.mark.xfail(reason='This test is not implemented yet')"},{"name":"tag","value":"HookResults"},{"name":"parentSuite","value":"tests.tests_hook_results"},{"name":"suite","value":"test_hook_results"},{"name":"subSuite","value":"TestsHookResults"},{"name":"host","value":"Aymans-MacBook-Pro.local"},{"name":"thread","value":"19360-MainThread"},{"name":"framework","value":"pytest"},{"name":"language","value":"cpython3"},{"name":"package","value":"tests.tests_hook_results.test_hook_results"},{"name":"resultFormat","value":"allure2"}],"parameters":[],"links":[],"hidden":false,"retry":false,"extra":{"severity":"normal","retries":[{"uid":"ca6ea7eeb3565d42","status":"skipped","statusDetails":"XFAIL This test is not implemented yet\n\nAssertionError: assert False","time":{"start":1722082418383,"stop":1722082418383,"duration":0}},{"uid":"ae890b48264e1193","status":"skipped","statusDetails":"XFAIL This test is not implemented yet\n\nAssertionError: assert False","time":{"start":1722081526167,"stop":1722081526167,"duration":0}},{"uid":"3de107369fa062dc","status":"skipped","statusDetails":"XFAIL This test is not implemented yet\n\nAssertionError: assert False","time":{"start":1722081121523,"stop":1722081121523,"duration":0}},{"uid":"1c255265aba7dbf9","status":"skipped","statusDetails":"XFAIL This test is not implemented yet\n\nAssertionError: assert False","time":{"start":1722080893847,"stop":1722080893847,"duration":0}},{"uid":"ce4094cf5f3c2881","status":"skipped","statusDetails":"XFAIL This test is not implemented yet\n\nAssertionError: assert False","time":{"start":1722080465538,"stop":1722080465538,"duration":0}},{"uid":"c1b649310b226171","status":"skipped","statusDetails":"XFAIL This test is not implemented yet\n\nAssertionError: assert False","time":{"start":1722078454504,"stop":1722078454504,"duration":0}},{"uid":"5674c34e5c4d30c8","status":"skipped","statusDetails":"XFAIL This test is not implemented yet\n\nAssertionError: assert False","time":{"start":1722077913691,"stop":1722077913692,"duration":1}},{"uid":"ced6fa1ee16162f1","status":"skipped","statusDetails":"XFAIL This test is not implemented yet\n\nAssertionError: assert False","time":{"start":1722077509129,"stop":1722077509129,"duration":0}},{"uid":"3d4964fa346139ef","status":"skipped","statusDetails":"XFAIL This test is not implemented yet\n\nAssertionError: assert False","time":{"start":1722077258886,"stop":1722077258886,"duration":0}},{"uid":"6f7b4fb9030d8c51","status":"skipped","statusDetails":"XFAIL This test is not implemented yet\n\nAssertionError: assert False","time":{"start":1721558851529,"stop":1721558851530,"duration":1}}],"categories":[],"tags":["@pytest.mark.xfail(reason='This test is not implemented yet')","HookResults"]},"source":"bc7b98e806706fcb.json","parameterValues":[]}