{"name": "test_hook_results_example_1", "status": "skipped", "statusDetails": {"message": "XFAIL This test is not implemented yet\n\nAssertionError: assert False", "trace": "self = <test_hook_results.TestsHookResults object at 0x1272c1fa0>\n\n    @pytest.mark.xfail(reason=\"This test is not implemented yet\")\n    def test_hook_results_example_1(self):\n        \"\"\"\n        Example one\n        :return: None\n        \"\"\"\n        print(datetime.datetime.now(), file=sys.stderr)\n>       assert False\nE       assert False\n\ntests/tests_hook_results/test_hook_results.py:22: AssertionError"}, "description": "\n        Example one\n        :return: None\n        ", "start": 1722076998992, "stop": 1722076998992, "uuid": "15e4ea67-fdf1-4b06-8a5f-d3a032c4c4be", "historyId": "73d238dfa0ff86098ae8bc673cb83967", "testCaseId": "73d238dfa0ff86098ae8bc673cb83967", "fullName": "tests.tests_hook_results.test_hook_results.TestsHookResults#test_hook_results_example_1", "labels": [{"name": "tag", "value": "@pytest.mark.xfail(reason='This test is not implemented yet')"}, {"name": "tag", "value": "HookResults"}, {"name": "parentSuite", "value": "tests.tests_hook_results"}, {"name": "suite", "value": "test_hook_results"}, {"name": "subSuite", "value": "TestsHookResults"}, {"name": "host", "value": "Aymans-MacBook-Pro.local"}, {"name": "thread", "value": "12207-MainThread"}, {"name": "framework", "value": "pytest"}, {"name": "language", "value": "cpython3"}, {"name": "package", "value": "tests.tests_hook_results.test_hook_results"}]}