{"name": "test_hook_results_example_2[3]", "status": "failed", "statusDetails": {"message": "AssertionError: assert (3 % 2) == 0", "trace": "self = <test_hook_results.TestsHookResults object at 0x1272ce2e0>, param = 3\n\n    @pytest.mark.parametrize(\"param\", [2, 3, 4])\n    def test_hook_results_example_2(self, param):\n        \"\"\"\n        Example two\n        :return: None\n        \"\"\"\n        print(datetime.datetime.now(), file=sys.stderr)\n>       assert param % 2 == 0\nE       assert (3 % 2) == 0\n\ntests/tests_hook_results/test_hook_results.py:31: AssertionError"}, "description": "\n        Example two\n        :return: None\n        ", "attachments": [{"name": "3", "source": "9d650be8-298d-4c3f-8597-4463cc7936f6-attachment.txt", "type": "text/plain"}], "parameters": [{"name": "param", "value": "3"}], "start": 1722076999032, "stop": 1722076999032, "uuid": "37f28f25-6292-4bd1-ad2d-89bff6f39c07", "historyId": "ad0cca430a6495a00fc115c687f199b7", "testCaseId": "2470a21ecd0fcb19e1491b98767107b1", "fullName": "tests.tests_hook_results.test_hook_results.TestsHookResults#test_hook_results_example_2", "labels": [{"name": "tag", "value": "xxaymanxx"}, {"name": "tag", "value": "HookResults"}, {"name": "parentSuite", "value": "tests.tests_hook_results"}, {"name": "suite", "value": "test_hook_results"}, {"name": "subSuite", "value": "TestsHookResults"}, {"name": "host", "value": "Aymans-MacBook-Pro.local"}, {"name": "thread", "value": "12207-MainThread"}, {"name": "framework", "value": "pytest"}, {"name": "language", "value": "cpython3"}, {"name": "package", "value": "tests.tests_hook_results.test_hook_results"}]}