{"name": "test_running_time", "status": "failed", "statusDetails": {"message": "AssertionError: assert 0 == 45\n +  where 0 = sum(<map object at 0x10fc47a30>)\n +    where <map object at 0x10fc47a30> = map(sum, dict_values([]))\n +      where dict_values([]) = <built-in method values of dict object at 0x10fb30a80>()\n +        where <built-in method values of dict object at 0x10fb30a80> = {}.values\n +          where {} = <tests_teardown.test_teardown.TestTearDown object at 0x10fb350d0>.class_data", "trace": "self = <tests_teardown.test_teardown.TestTearDown object at 0x10fb350d0>\n\n    @pytest.mark.run(\"last\")\n    def test_running_time(self):\n        # pdb.set_trace()\n        print(f\"running time: {self.class_data}\")\n>       assert sum(map(sum, self.class_data.values())) == 45\nE       assert 0 == 45\nE        +  where 0 = sum(<map object at 0x10fc47a30>)\nE        +    where <map object at 0x10fc47a30> = map(sum, dict_values([]))\nE        +      where dict_values([]) = <built-in method values of dict object at 0x10fb30a80>()\nE        +        where <built-in method values of dict object at 0x10fb30a80> = {}.values\nE        +          where {} = <tests_teardown.test_teardown.TestTearDown object at 0x10fb350d0>.class_data\n\ntests/tests_teardown/test_teardown.py:35: AssertionError"}, "start": 1722077150061, "stop": 1722077150062, "uuid": "338aa4b0-0c5c-4ed2-a9c5-840e1ba85823", "historyId": "0ddac3d9c6416a5af85f05249e56e0ab", "testCaseId": "0ddac3d9c6416a5af85f05249e56e0ab", "fullName": "tests.tests_teardown.test_teardown.TestTearDown#test_running_time", "labels": [{"name": "tag", "value": "run('last')"}, {"name": "tag", "value": "teardown"}, {"name": "tag", "value": "xdist_group(name='teardown')"}, {"name": "tag", "value": "asyncio"}, {"name": "parentSuite", "value": "tests.tests_teardown"}, {"name": "suite", "value": "test_teardown"}, {"name": "subSuite", "value": "TestTearDown"}, {"name": "host", "value": "Aymans-MacBook-Pro.local"}, {"name": "thread", "value": "12476-MainThread"}, {"name": "framework", "value": "pytest"}, {"name": "language", "value": "cpython3"}, {"name": "package", "value": "tests.tests_teardown.test_teardown"}]}